TN:
SF:c:\Users\LucJo\Desktop\Client-side-programming\Client-side-programming\.eslintrc.js
FNF:0
FNH:0
DA:1,0
LF:1
LH:0
BRDA:11,0,0,0
BRDA:11,0,1,0
BRDA:12,1,0,0
BRDA:12,1,1,0
BRF:4
BRH:0
end_of_record
TN:
SF:c:\Users\LucJo\Desktop\Client-side-programming\Client-side-programming\postcss.config.js
FNF:0
FNH:0
DA:1,0
LF:1
LH:0
BRF:0
BRH:0
end_of_record
TN:
SF:c:\Users\LucJo\Desktop\Client-side-programming\Client-side-programming\config\config.js
FN:10,(anonymous_0)
FNF:1
FNH:1
FNDA:11,(anonymous_0)
DA:1,1
DA:11,11
LF:2
LH:2
BRDA:13,0,0,1
BRDA:13,0,1,1
BRF:2
BRH:2
end_of_record
TN:
SF:c:\Users\LucJo\Desktop\Client-side-programming\Client-side-programming\dev-server\index.js
FN:15,(anonymous_0)
FN:24,(anonymous_1)
FN:35,(anonymous_2)
FN:40,(anonymous_3)
FNF:4
FNH:0
FNDA:0,(anonymous_0)
FNDA:0,(anonymous_1)
FNDA:0,(anonymous_2)
FNDA:0,(anonymous_3)
DA:7,0
DA:8,0
DA:9,0
DA:11,0
DA:12,0
DA:13,0
DA:15,0
DA:16,0
DA:17,0
DA:19,0
DA:24,0
DA:25,0
DA:26,0
DA:31,0
DA:35,0
DA:36,0
DA:40,0
DA:41,0
DA:49,0
LF:19
LH:0
BRDA:16,0,0,0
BRDA:16,0,1,0
BRF:2
BRH:0
end_of_record
TN:
SF:c:\Users\LucJo\Desktop\Client-side-programming\Client-side-programming\dev-server\routes.js
FN:6,Routes
FNF:1
FNH:0
FNDA:0,Routes
DA:7,0
DA:8,0
DA:9,0
DA:10,0
LF:4
LH:0
BRF:0
BRH:0
end_of_record
TN:
SF:c:\Users\LucJo\Desktop\Client-side-programming\Client-side-programming\dev-server\api\authentication\authentication-controller.js
FN:5,index
FN:10,(anonymous_1)
FN:30,validateIndex
FNF:3
FNH:0
FNDA:0,index
FNDA:0,(anonymous_1)
FNDA:0,validateIndex
DA:6,0
DA:7,0
DA:8,0
DA:10,0
DA:11,0
DA:12,0
DA:14,0
DA:15,0
DA:18,0
DA:22,0
DA:23,0
DA:25,0
DA:26,0
DA:31,0
DA:32,0
DA:33,0
DA:36,0
DA:37,0
DA:40,0
LF:19
LH:0
BRDA:7,0,0,0
BRDA:7,0,1,0
BRDA:11,1,0,0
BRDA:11,1,1,0
BRDA:14,2,0,0
BRDA:14,2,1,0
BRDA:22,3,0,0
BRDA:22,3,1,0
BRDA:32,4,0,0
BRDA:32,4,1,0
BRDA:36,5,0,0
BRDA:36,5,1,0
BRF:12
BRH:0
end_of_record
TN:
SF:c:\Users\LucJo\Desktop\Client-side-programming\Client-side-programming\dev-server\api\authentication\authentication-routes.js
FNF:0
FNH:0
DA:2,0
DA:5,0
LF:2
LH:0
BRF:0
BRH:0
end_of_record
TN:
SF:c:\Users\LucJo\Desktop\Client-side-programming\Client-side-programming\dev-server\api\register\register-controller.js
FN:4,index
FN:16,(anonymous_1)
FN:27,validateIndex
FNF:3
FNH:0
FNDA:0,index
FNDA:0,(anonymous_1)
FNDA:0,validateIndex
DA:5,0
DA:6,0
DA:7,0
DA:10,0
DA:16,0
DA:17,0
DA:18,0
DA:19,0
DA:21,0
DA:23,0
DA:28,0
DA:29,0
DA:30,0
DA:33,0
DA:34,0
DA:37,0
DA:38,0
DA:41,0
DA:42,0
DA:45,0
LF:20
LH:0
BRDA:6,0,0,0
BRDA:6,0,1,0
BRDA:17,1,0,0
BRDA:17,1,1,0
BRDA:18,2,0,0
BRDA:18,2,1,0
BRDA:29,3,0,0
BRDA:29,3,1,0
BRDA:33,4,0,0
BRDA:33,4,1,0
BRDA:37,5,0,0
BRDA:37,5,1,0
BRDA:41,6,0,0
BRDA:41,6,1,0
BRF:14
BRH:0
end_of_record
TN:
SF:c:\Users\LucJo\Desktop\Client-side-programming\Client-side-programming\dev-server\api\register\register-routes.js
FNF:0
FNH:0
DA:2,0
DA:5,0
LF:2
LH:0
BRF:0
BRH:0
end_of_record
TN:
SF:c:\Users\LucJo\Desktop\Client-side-programming\Client-side-programming\dev-server\api\tasks\tasks-controller.js
FN:6,index
FN:8,(anonymous_1)
FN:16,create
FN:19,(anonymous_3)
FN:27,(anonymous_4)
FN:36,update
FN:40,(anonymous_6)
FN:50,(anonymous_7)
FN:59,show
FN:61,(anonymous_9)
FN:72,remove
FN:75,(anonymous_11)
FN:87,(anonymous_12)
FNF:13
FNH:0
FNDA:0,index
FNDA:0,(anonymous_1)
FNDA:0,create
FNDA:0,(anonymous_3)
FNDA:0,(anonymous_4)
FNDA:0,update
FNDA:0,(anonymous_6)
FNDA:0,(anonymous_7)
FNDA:0,show
FNDA:0,(anonymous_9)
FNDA:0,remove
FNDA:0,(anonymous_11)
FNDA:0,(anonymous_12)
DA:8,0
DA:9,0
DA:10,0
DA:12,0
DA:18,0
DA:19,0
DA:20,0
DA:21,0
DA:23,0
DA:24,0
DA:25,0
DA:27,0
DA:28,0
DA:29,0
DA:31,0
DA:38,0
DA:40,0
DA:41,0
DA:42,0
DA:44,0
DA:45,0
DA:47,0
DA:48,0
DA:49,0
DA:50,0
DA:51,0
DA:52,0
DA:54,0
DA:61,0
DA:62,0
DA:63,0
DA:65,0
DA:66,0
DA:68,0
DA:74,0
DA:75,0
DA:76,0
DA:77,0
DA:79,0
DA:80,0
DA:82,0
DA:83,0
DA:87,0
DA:88,0
DA:89,0
DA:91,0
LF:46
LH:0
BRDA:9,0,0,0
BRDA:9,0,1,0
BRDA:20,1,0,0
BRDA:20,1,1,0
BRDA:20,2,0,0
BRDA:20,2,1,0
BRDA:28,3,0,0
BRDA:28,3,1,0
BRDA:41,4,0,0
BRDA:41,4,1,0
BRDA:44,5,0,0
BRDA:44,5,1,0
BRDA:51,6,0,0
BRDA:51,6,1,0
BRDA:62,7,0,0
BRDA:62,7,1,0
BRDA:65,8,0,0
BRDA:65,8,1,0
BRDA:76,9,0,0
BRDA:76,9,1,0
BRDA:79,10,0,0
BRDA:79,10,1,0
BRDA:82,11,0,0
BRDA:82,11,1,0
BRDA:88,12,0,0
BRDA:88,12,1,0
BRF:26
BRH:0
end_of_record
TN:
SF:c:\Users\LucJo\Desktop\Client-side-programming\Client-side-programming\dev-server\api\tasks\tasks-routes.js
FNF:0
FNH:0
DA:2,0
DA:6,0
DA:7,0
DA:8,0
DA:9,0
DA:10,0
LF:6
LH:0
BRF:0
BRH:0
end_of_record
TN:
SF:c:\Users\LucJo\Desktop\Client-side-programming\Client-side-programming\dev-server\api\user\user-controller.js
FN:1,index
FNF:1
FNH:0
FNDA:0,index
DA:2,0
LF:1
LH:0
BRF:0
BRH:0
end_of_record
TN:
SF:c:\Users\LucJo\Desktop\Client-side-programming\Client-side-programming\dev-server\api\user\user-routes.js
FN:7,(anonymous_0)
FNF:1
FNH:0
FNDA:0,(anonymous_0)
DA:2,0
DA:5,0
DA:7,0
DA:8,0
LF:4
LH:0
BRF:0
BRH:0
end_of_record
TN:
SF:c:\Users\LucJo\Desktop\Client-side-programming\Client-side-programming\dev-server\config\db.js
FN:3,connectToDB
FN:5,(anonymous_1)
FNF:2
FNH:0
FNDA:0,connectToDB
FNDA:0,(anonymous_1)
DA:4,0
DA:6,0
DA:7,0
DA:8,0
DA:10,0
LF:5
LH:0
BRDA:6,0,0,0
BRDA:6,0,1,0
BRF:2
BRH:0
end_of_record
TN:
SF:c:\Users\LucJo\Desktop\Client-side-programming\Client-side-programming\dev-server\config\env.js
FN:6,setEnvironment
FN:14,setDevEnv
FN:23,setProdEnv
FNF:3
FNH:0
FNDA:0,setEnvironment
FNDA:0,setDevEnv
FNDA:0,setProdEnv
DA:7,0
DA:8,0
DA:10,0
DA:15,0
DA:16,0
DA:17,0
DA:18,0
DA:19,0
DA:20,0
DA:24,0
DA:25,0
DA:27,0
DA:28,0
DA:29,0
DA:30,0
DA:31,0
LF:16
LH:0
BRDA:7,0,0,0
BRDA:7,0,1,0
BRF:2
BRH:0
end_of_record
TN:
SF:c:\Users\LucJo\Desktop\Client-side-programming\Client-side-programming\dev-server\model\task-model.js
FNF:0
FNH:0
DA:3,0
DA:10,0
LF:2
LH:0
BRF:0
BRH:0
end_of_record
TN:
SF:c:\Users\LucJo\Desktop\Client-side-programming\Client-side-programming\dev-server\model\user-model.js
FN:12,(anonymous_0)
FN:18,(anonymous_1)
FN:22,(anonymous_2)
FNF:3
FNH:0
FNDA:0,(anonymous_0)
FNDA:0,(anonymous_1)
FNDA:0,(anonymous_2)
DA:5,0
DA:11,0
DA:12,0
DA:13,0
DA:14,0
DA:15,0
DA:18,0
DA:19,0
DA:22,0
DA:23,0
DA:24,0
DA:25,0
DA:26,0
DA:27,0
DA:28,0
LF:15
LH:0
BRF:0
BRH:0
end_of_record
TN:
SF:c:\Users\LucJo\Desktop\Client-side-programming\Client-side-programming\dev-server\services\auth-service.js
FN:4,generateJWT
FN:12,requireLogin
FN:20,decodeToken
FN:36,getUsername
FN:44,getUserId
FNF:5
FNH:0
FNDA:0,generateJWT
FNDA:0,requireLogin
FNDA:0,decodeToken
FNDA:0,getUsername
FNDA:0,getUserId
DA:2,0
DA:5,0
DA:6,0
DA:13,0
DA:14,0
DA:15,0
DA:17,0
DA:21,0
DA:22,0
DA:23,0
DA:24,0
DA:27,0
DA:28,0
DA:29,0
DA:31,0
DA:32,0
DA:37,0
DA:38,0
DA:39,0
DA:41,0
DA:45,0
DA:46,0
DA:47,0
DA:49,0
LF:24
LH:0
BRDA:14,0,0,0
BRDA:14,0,1,0
BRDA:22,1,0,0
BRDA:22,1,1,0
BRDA:38,2,0,0
BRDA:38,2,1,0
BRDA:46,3,0,0
BRDA:46,3,1,0
BRF:8
BRH:0
end_of_record
TN:
SF:c:\Users\LucJo\Desktop\Client-side-programming\Client-side-programming\dev-server\utilities\string-utility.js
FN:2,(anonymous_0)
FN:6,(anonymous_1)
FNF:2
FNH:0
FNDA:0,(anonymous_0)
FNDA:0,(anonymous_1)
DA:3,0
DA:7,0
LF:2
LH:0
BRDA:3,0,0,0
BRDA:3,0,1,0
BRF:2
BRH:0
end_of_record
TN:
SF:c:\Users\LucJo\Desktop\Client-side-programming\Client-side-programming\prod-server\app.js
FN:7,_interopRequireDefault
FN:12,(anonymous_1)
FNF:2
FNH:0
FNDA:0,_interopRequireDefault
FNDA:0,(anonymous_1)
DA:3,0
DA:5,0
DA:7,0
DA:9,0
DA:10,0
DA:12,0
DA:13,0
LF:7
LH:0
BRDA:7,0,0,0
BRDA:7,0,1,0
BRDA:7,1,0,0
BRDA:7,1,1,0
BRF:4
BRH:0
end_of_record
TN:
SF:c:\Users\LucJo\Desktop\Client-side-programming\Client-side-programming\prod-server\index.js
FN:13,_interopRequireDefault
FN:24,(anonymous_1)
FN:33,(anonymous_2)
FN:44,(anonymous_3)
FN:48,(anonymous_4)
FNF:5
FNH:4
FNDA:1,_interopRequireDefault
FNDA:1,(anonymous_1)
FNDA:9,(anonymous_2)
FNDA:11,(anonymous_3)
FNDA:0,(anonymous_4)
DA:3,1
DA:5,1
DA:7,1
DA:9,1
DA:11,1
DA:13,1
DA:16,1
DA:17,1
DA:18,1
DA:20,1
DA:21,1
DA:22,1
DA:24,1
DA:25,1
DA:26,1
DA:28,0
DA:33,1
DA:34,9
DA:35,9
DA:40,9
DA:44,1
DA:45,11
DA:48,1
DA:49,0
DA:52,1
LF:25
LH:23
BRDA:13,0,0,0
BRDA:13,0,1,1
BRDA:13,1,0,1
BRDA:13,1,1,1
BRDA:25,2,0,1
BRDA:25,2,1,0
BRF:6
BRH:4
end_of_record
TN:
SF:c:\Users\LucJo\Desktop\Client-side-programming\Client-side-programming\prod-server\routes.js
FN:24,_interopRequireDefault
FN:26,Routes
FNF:2
FNH:2
FNDA:4,_interopRequireDefault
FNDA:1,Routes
DA:3,1
DA:6,1
DA:8,1
DA:10,1
DA:12,1
DA:14,1
DA:16,1
DA:18,1
DA:20,1
DA:22,1
DA:24,4
DA:27,1
DA:28,1
DA:29,1
DA:30,1
LF:15
LH:15
BRDA:24,0,0,4
BRDA:24,0,1,0
BRDA:24,1,0,4
BRDA:24,1,1,4
BRF:4
BRH:3
end_of_record
TN:
SF:c:\Users\LucJo\Desktop\Client-side-programming\Client-side-programming\prod-server\api\authentication\authentication-controller.js
FN:16,_interopRequireDefault
FN:18,index
FN:23,(anonymous_2)
FN:40,validateIndex
FNF:4
FNH:4
FNDA:1,_interopRequireDefault
FNDA:3,index
FNDA:3,(anonymous_2)
FNDA:3,validateIndex
DA:3,1
DA:6,1
DA:8,1
DA:10,1
DA:12,1
DA:14,1
DA:16,1
DA:19,3
DA:20,3
DA:21,0
DA:23,3
DA:24,3
DA:25,0
DA:27,3
DA:28,1
DA:31,2
DA:32,2
DA:33,1
DA:35,1
DA:36,1
DA:41,3
DA:42,3
DA:43,0
DA:46,3
DA:47,0
DA:50,3
LF:26
LH:22
BRDA:16,0,0,1
BRDA:16,0,1,0
BRDA:16,1,0,1
BRDA:16,1,1,1
BRDA:20,2,0,0
BRDA:20,2,1,3
BRDA:24,3,0,0
BRDA:24,3,1,3
BRDA:27,4,0,1
BRDA:27,4,1,2
BRDA:32,5,0,1
BRDA:32,5,1,1
BRDA:42,6,0,0
BRDA:42,6,1,3
BRDA:46,7,0,0
BRDA:46,7,1,3
BRF:16
BRH:11
end_of_record
TN:
SF:c:\Users\LucJo\Desktop\Client-side-programming\Client-side-programming\prod-server\api\authentication\authentication-routes.js
FN:15,_interopRequireWildcard
FN:17,_interopRequireDefault
FNF:2
FNH:2
FNDA:1,_interopRequireWildcard
FNDA:1,_interopRequireDefault
DA:3,1
DA:7,1
DA:9,1
DA:11,1
DA:13,1
DA:15,1
DA:17,1
DA:19,1
DA:22,1
DA:24,1
LF:10
LH:10
BRDA:15,0,0,1
BRDA:15,0,1,0
BRDA:15,1,0,1
BRDA:15,1,1,1
BRDA:15,2,0,0
BRDA:15,2,1,0
BRDA:15,3,0,0
BRDA:15,3,1,0
BRDA:17,4,0,0
BRDA:17,4,1,1
BRDA:17,5,0,1
BRDA:17,5,1,1
BRF:12
BRH:6
end_of_record
TN:
SF:c:\Users\LucJo\Desktop\Client-side-programming\Client-side-programming\prod-server\api\register\register-controller.js
FN:14,_interopRequireDefault
FN:16,index
FN:28,(anonymous_2)
FN:39,validateIndex
FNF:4
FNH:4
FNDA:1,_interopRequireDefault
FNDA:1,index
FNDA:1,(anonymous_2)
FNDA:1,validateIndex
DA:3,1
DA:6,1
DA:8,1
DA:10,1
DA:12,1
DA:14,1
DA:17,1
DA:18,1
DA:19,0
DA:22,1
DA:28,1
DA:29,1
DA:30,0
DA:31,0
DA:33,0
DA:35,1
DA:40,1
DA:41,1
DA:42,0
DA:45,1
DA:46,0
DA:49,1
DA:50,0
DA:53,1
DA:54,0
DA:57,1
LF:26
LH:18
BRDA:14,0,0,1
BRDA:14,0,1,0
BRDA:14,1,0,1
BRDA:14,1,1,1
BRDA:18,2,0,0
BRDA:18,2,1,1
BRDA:29,3,0,0
BRDA:29,3,1,1
BRDA:30,4,0,0
BRDA:30,4,1,0
BRDA:41,5,0,0
BRDA:41,5,1,1
BRDA:45,6,0,0
BRDA:45,6,1,1
BRDA:49,7,0,0
BRDA:49,7,1,1
BRDA:53,8,0,0
BRDA:53,8,1,1
BRF:18
BRH:9
end_of_record
TN:
SF:c:\Users\LucJo\Desktop\Client-side-programming\Client-side-programming\prod-server\api\register\register-routes.js
FN:15,_interopRequireWildcard
FN:17,_interopRequireDefault
FNF:2
FNH:2
FNDA:1,_interopRequireWildcard
FNDA:1,_interopRequireDefault
DA:3,1
DA:7,1
DA:9,1
DA:11,1
DA:13,1
DA:15,1
DA:17,1
DA:19,1
DA:22,1
DA:24,1
LF:10
LH:10
BRDA:15,0,0,1
BRDA:15,0,1,0
BRDA:15,1,0,1
BRDA:15,1,1,1
BRDA:15,2,0,0
BRDA:15,2,1,0
BRDA:15,3,0,0
BRDA:15,3,1,0
BRDA:17,4,0,0
BRDA:17,4,1,1
BRDA:17,5,0,1
BRDA:17,5,1,1
BRF:12
BRH:6
end_of_record
TN:
SF:c:\Users\LucJo\Desktop\Client-side-programming\Client-side-programming\prod-server\api\tasks\tasks-controller.js
FN:28,_interopRequireWildcard
FN:30,_interopRequireDefault
FN:32,index
FN:34,(anonymous_3)
FN:42,create
FN:45,(anonymous_5)
FN:53,(anonymous_6)
FN:62,update
FN:66,(anonymous_8)
FN:76,(anonymous_9)
FN:85,show
FN:87,(anonymous_11)
FN:98,remove
FN:101,(anonymous_13)
FN:111,(anonymous_14)
FNF:15
FNH:7
FNDA:1,_interopRequireWildcard
FNDA:3,_interopRequireDefault
FNDA:1,index
FNDA:1,(anonymous_3)
FNDA:1,create
FNDA:1,(anonymous_5)
FNDA:1,(anonymous_6)
FNDA:0,update
FNDA:0,(anonymous_8)
FNDA:0,(anonymous_9)
FNDA:0,show
FNDA:0,(anonymous_11)
FNDA:0,remove
FNDA:0,(anonymous_13)
FNDA:0,(anonymous_14)
DA:3,1
DA:6,1
DA:7,1
DA:8,1
DA:9,1
DA:10,1
DA:12,1
DA:14,1
DA:16,1
DA:18,1
DA:20,1
DA:22,1
DA:24,1
DA:26,1
DA:28,1
DA:30,3
DA:34,1
DA:35,1
DA:36,0
DA:38,1
DA:44,1
DA:45,1
DA:46,1
DA:47,0
DA:49,1
DA:50,1
DA:51,1
DA:53,1
DA:54,1
DA:55,0
DA:57,1
DA:64,0
DA:66,0
DA:67,0
DA:68,0
DA:70,0
DA:71,0
DA:73,0
DA:74,0
DA:75,0
DA:76,0
DA:77,0
DA:78,0
DA:80,0
DA:87,0
DA:88,0
DA:89,0
DA:91,0
DA:92,0
DA:94,0
DA:100,0
DA:101,0
DA:102,0
DA:103,0
DA:105,0
DA:106,0
DA:108,0
DA:109,0
DA:111,0
DA:112,0
DA:113,0
DA:115,0
LF:62
LH:28
BRDA:28,0,0,1
BRDA:28,0,1,0
BRDA:28,1,0,1
BRDA:28,1,1,1
BRDA:28,2,0,0
BRDA:28,2,1,0
BRDA:28,3,0,0
BRDA:28,3,1,0
BRDA:30,4,0,2
BRDA:30,4,1,1
BRDA:30,5,0,3
BRDA:30,5,1,3
BRDA:35,6,0,0
BRDA:35,6,1,1
BRDA:46,7,0,0
BRDA:46,7,1,1
BRDA:46,8,0,1
BRDA:46,8,1,0
BRDA:54,9,0,0
BRDA:54,9,1,1
BRDA:67,10,0,0
BRDA:67,10,1,0
BRDA:70,11,0,0
BRDA:70,11,1,0
BRDA:77,12,0,0
BRDA:77,12,1,0
BRDA:88,13,0,0
BRDA:88,13,1,0
BRDA:91,14,0,0
BRDA:91,14,1,0
BRDA:102,15,0,0
BRDA:102,15,1,0
BRDA:105,16,0,0
BRDA:105,16,1,0
BRDA:108,17,0,0
BRDA:108,17,1,0
BRDA:112,18,0,0
BRDA:112,18,1,0
BRF:38
BRH:11
end_of_record
TN:
SF:c:\Users\LucJo\Desktop\Client-side-programming\Client-side-programming\prod-server\api\tasks\tasks-routes.js
FN:19,_interopRequireWildcard
FN:21,_interopRequireDefault
FNF:2
FNH:2
FNDA:2,_interopRequireWildcard
FNDA:1,_interopRequireDefault
DA:3,1
DA:7,1
DA:9,1
DA:11,1
DA:13,1
DA:15,1
DA:17,1
DA:19,2
DA:21,1
DA:23,1
DA:26,1
DA:27,1
DA:28,1
DA:29,1
DA:30,1
DA:32,1
LF:16
LH:16
BRDA:19,0,0,2
BRDA:19,0,1,0
BRDA:19,1,0,2
BRDA:19,1,1,2
BRDA:19,2,0,0
BRDA:19,2,1,0
BRDA:19,3,0,0
BRDA:19,3,1,0
BRDA:21,4,0,0
BRDA:21,4,1,1
BRDA:21,5,0,1
BRDA:21,5,1,1
BRF:12
BRH:6
end_of_record
TN:
SF:c:\Users\LucJo\Desktop\Client-side-programming\Client-side-programming\prod-server\api\user\user-controller.js
FN:7,index
FNF:1
FNH:0
FNDA:0,index
DA:3,1
DA:6,1
DA:8,0
LF:3
LH:2
BRF:0
BRH:0
end_of_record
TN:
SF:c:\Users\LucJo\Desktop\Client-side-programming\Client-side-programming\prod-server\api\user\user-routes.js
FN:15,_interopRequireWildcard
FN:17,_interopRequireDefault
FN:24,(anonymous_2)
FNF:3
FNH:2
FNDA:1,_interopRequireWildcard
FNDA:1,_interopRequireDefault
FNDA:0,(anonymous_2)
DA:3,1
DA:7,1
DA:9,1
DA:11,1
DA:13,1
DA:15,1
DA:17,1
DA:19,1
DA:22,1
DA:24,1
DA:25,0
DA:28,1
LF:12
LH:11
BRDA:15,0,0,1
BRDA:15,0,1,0
BRDA:15,1,0,1
BRDA:15,1,1,1
BRDA:15,2,0,0
BRDA:15,2,1,0
BRDA:15,3,0,0
BRDA:15,3,1,0
BRDA:17,4,0,0
BRDA:17,4,1,1
BRDA:17,5,0,1
BRDA:17,5,1,1
BRF:12
BRH:6
end_of_record
TN:
SF:c:\Users\LucJo\Desktop\Client-side-programming\Client-side-programming\prod-server\config\db.js
FN:12,_interopRequireDefault
FN:14,connectToDB
FN:15,(anonymous_2)
FNF:3
FNH:3
FNDA:1,_interopRequireDefault
FNDA:1,connectToDB
FNDA:1,(anonymous_2)
DA:3,1
DA:6,1
DA:8,1
DA:10,1
DA:12,1
DA:15,1
DA:16,1
DA:17,0
DA:18,0
DA:20,1
LF:10
LH:8
BRDA:12,0,0,0
BRDA:12,0,1,1
BRDA:12,1,0,1
BRDA:12,1,1,1
BRDA:16,2,0,0
BRDA:16,2,1,1
BRF:6
BRH:4
end_of_record
TN:
SF:c:\Users\LucJo\Desktop\Client-side-programming\Client-side-programming\prod-server\config\env.js
FN:24,_interopRequireDefault
FN:26,setEnvironment
FN:34,setDevEnv
FN:43,setProdEnv
FNF:4
FNH:3
FNDA:4,_interopRequireDefault
FNDA:1,setEnvironment
FNDA:1,setDevEnv
FNDA:0,setProdEnv
DA:3,1
DA:6,1
DA:8,1
DA:10,1
DA:12,1
DA:14,1
DA:16,1
DA:18,1
DA:20,1
DA:22,1
DA:24,4
DA:27,1
DA:28,1
DA:30,0
DA:35,1
DA:36,1
DA:37,1
DA:38,1
DA:39,1
DA:40,1
DA:44,0
DA:45,0
DA:46,0
DA:47,0
DA:48,0
DA:49,0
DA:50,0
LF:27
LH:19
BRDA:24,0,0,0
BRDA:24,0,1,4
BRDA:24,1,0,4
BRDA:24,1,1,4
BRDA:27,2,0,1
BRDA:27,2,1,0
BRF:6
BRH:4
end_of_record
TN:
SF:c:\Users\LucJo\Desktop\Client-side-programming\Client-side-programming\prod-server\model\task-model.js
FN:11,_interopRequireDefault
FNF:1
FNH:1
FNDA:1,_interopRequireDefault
DA:3,1
DA:7,1
DA:9,1
DA:11,1
DA:13,1
DA:20,1
DA:22,1
LF:7
LH:7
BRDA:11,0,0,0
BRDA:11,0,1,1
BRDA:11,1,0,1
BRDA:11,1,1,1
BRF:4
BRH:3
end_of_record
TN:
SF:c:\Users\LucJo\Desktop\Client-side-programming\Client-side-programming\prod-server\model\user-model.js
FN:17,_interopRequireDefault
FN:26,(anonymous_1)
FN:32,(anonymous_2)
FN:36,(anonymous_3)
FNF:4
FNH:3
FNDA:2,_interopRequireDefault
FNDA:0,(anonymous_1)
FNDA:2,(anonymous_2)
FNDA:1,(anonymous_3)
DA:3,1
DA:7,1
DA:9,1
DA:11,1
DA:13,1
DA:15,1
DA:17,2
DA:19,1
DA:25,1
DA:26,1
DA:27,0
DA:28,0
DA:29,0
DA:32,1
DA:33,2
DA:36,1
DA:37,1
DA:38,1
DA:39,1
DA:40,1
DA:41,1
DA:42,1
DA:45,1
LF:23
LH:20
BRDA:17,0,0,0
BRDA:17,0,1,2
BRDA:17,1,0,2
BRDA:17,1,1,2
BRF:4
BRH:3
end_of_record
TN:
SF:c:\Users\LucJo\Desktop\Client-side-programming\Client-side-programming\prod-server\services\auth-service.js
FN:16,_interopRequireDefault
FN:20,generateJWT
FN:28,requireLogin
FN:36,decodeToken
FN:52,getUsername
FN:60,getUserId
FNF:6
FNH:5
FNDA:1,_interopRequireDefault
FNDA:1,generateJWT
FNDA:6,requireLogin
FNDA:7,decodeToken
FNDA:0,getUsername
FNDA:1,getUserId
DA:3,1
DA:6,1
DA:7,1
DA:8,1
DA:9,1
DA:10,1
DA:12,1
DA:14,1
DA:16,1
DA:18,1
DA:21,1
DA:22,1
DA:29,6
DA:30,4
DA:31,2
DA:33,2
DA:37,7
DA:38,5
DA:39,2
DA:40,2
DA:43,3
DA:44,3
DA:45,3
DA:47,0
DA:48,0
DA:53,0
DA:54,0
DA:55,0
DA:57,0
DA:61,1
DA:62,1
DA:63,0
DA:65,1
LF:33
LH:26
BRDA:16,0,0,0
BRDA:16,0,1,1
BRDA:16,1,0,1
BRDA:16,1,1,1
BRDA:30,2,0,2
BRDA:30,2,1,2
BRDA:38,3,0,2
BRDA:38,3,1,3
BRDA:54,4,0,0
BRDA:54,4,1,0
BRDA:62,5,0,0
BRDA:62,5,1,1
BRF:12
BRH:8
end_of_record
TN:
SF:c:\Users\LucJo\Desktop\Client-side-programming\Client-side-programming\prod-server\utilities\string-utility.js
FN:7,(anonymous_0)
FN:7,defineProperties
FN:7,(anonymous_2)
FN:9,_classCallCheck
FN:11,(anonymous_4)
FN:12,StringUtility
FN:18,isEmpty
FN:23,capitalize
FNF:8
FNH:5
FNDA:1,(anonymous_0)
FNDA:1,defineProperties
FNDA:1,(anonymous_2)
FNDA:0,_classCallCheck
FNDA:1,(anonymous_4)
FNDA:0,StringUtility
FNDA:14,isEmpty
FNDA:0,capitalize
DA:3,1
DA:7,2
DA:9,0
DA:11,1
DA:13,0
DA:16,1
DA:19,14
DA:24,0
DA:28,1
LF:9
LH:6
BRDA:7,0,0,2
BRDA:7,0,1,2
BRDA:7,1,0,2
BRDA:7,1,1,0
BRDA:7,2,0,0
BRDA:7,2,1,1
BRDA:7,3,0,1
BRDA:7,3,1,0
BRDA:9,4,0,0
BRDA:9,4,1,0
BRDA:19,5,0,14
BRDA:19,5,1,10
BRF:12
BRH:7
end_of_record
TN:
SF:c:\Users\LucJo\Desktop\Client-side-programming\Client-side-programming\src\main.js
FN:13,(anonymous_0)
FN:24,(anonymous_1)
FNF:2
FNH:0
FNDA:0,(anonymous_0)
FNDA:0,(anonymous_1)
DA:11,0
DA:12,0
DA:13,0
DA:14,0
DA:15,0
DA:18,0
DA:21,0
DA:24,0
LF:8
LH:0
BRDA:14,0,0,0
BRDA:14,0,1,0
BRF:2
BRH:0
end_of_record
TN:
SF:c:\Users\LucJo\Desktop\Client-side-programming\Client-side-programming\src\router.js
FN:12,(anonymous_0)
FN:17,(anonymous_1)
FN:18,(anonymous_2)
FN:29,(anonymous_3)
FN:30,(anonymous_4)
FN:41,(anonymous_5)
FN:42,(anonymous_6)
FN:53,(anonymous_7)
FN:54,(anonymous_8)
FN:65,(anonymous_9)
FN:66,(anonymous_10)
FNF:11
FNH:0
FNDA:0,(anonymous_0)
FNDA:0,(anonymous_1)
FNDA:0,(anonymous_2)
FNDA:0,(anonymous_3)
FNDA:0,(anonymous_4)
FNDA:0,(anonymous_5)
FNDA:0,(anonymous_6)
FNDA:0,(anonymous_7)
FNDA:0,(anonymous_8)
FNDA:0,(anonymous_9)
FNDA:0,(anonymous_10)
DA:5,0
DA:7,0
DA:12,0
DA:17,0
DA:19,0
DA:20,0
DA:22,0
DA:29,0
DA:31,0
DA:32,0
DA:34,0
DA:41,0
DA:43,0
DA:44,0
DA:46,0
DA:53,0
DA:55,0
DA:56,0
DA:58,0
DA:65,0
DA:67,0
DA:68,0
DA:70,0
LF:23
LH:0
BRDA:19,0,0,0
BRDA:19,0,1,0
BRDA:31,1,0,0
BRDA:31,1,1,0
BRDA:43,2,0,0
BRDA:43,2,1,0
BRDA:55,3,0,0
BRDA:55,3,1,0
BRDA:67,4,0,0
BRDA:67,4,1,0
BRF:10
BRH:0
end_of_record
TN:
SF:c:\Users\LucJo\Desktop\Client-side-programming\Client-side-programming\src\store.js
FN:16,(anonymous_0)
FN:28,(anonymous_1)
FNF:2
FNH:0
FNDA:0,(anonymous_0)
FNDA:0,(anonymous_1)
DA:5,0
DA:17,0
DA:18,0
DA:19,0
DA:20,0
DA:22,0
DA:23,0
DA:29,0
LF:8
LH:0
BRDA:13,0,0,0
BRDA:13,0,1,0
BRDA:18,1,0,0
BRDA:18,1,1,0
BRF:4
BRH:0
end_of_record
TN:
SF:c:\Users\LucJo\Desktop\Client-side-programming\Client-side-programming\src\services\AuthService.js
FN:5,isLoggedIn
FN:10,login
FN:13,(anonymous_2)
FN:20,logout
FN:25,setToken
FN:30,getUserName
FN:38,getUserId
FN:45,registerUser
FN:49,getToken
FN:53,decodeToken
FNF:10
FNH:0
FNDA:0,isLoggedIn
FNDA:0,login
FNDA:0,(anonymous_2)
FNDA:0,logout
FNDA:0,setToken
FNDA:0,getUserName
FNDA:0,getUserId
FNDA:0,registerUser
FNDA:0,getToken
FNDA:0,decodeToken
DA:6,0
DA:7,0
DA:11,0
DA:14,0
DA:15,0
DA:21,0
DA:22,0
DA:26,0
DA:27,0
DA:31,0
DA:32,0
DA:33,0
DA:35,0
DA:39,0
DA:40,0
DA:41,0
DA:43,0
DA:46,0
DA:50,0
DA:54,0
DA:56,0
DA:57,0
DA:59,0
LF:23
LH:0
BRDA:14,0,0,0
BRDA:14,0,1,0
BRDA:32,1,0,0
BRDA:32,1,1,0
BRDA:40,2,0,0
BRDA:40,2,1,0
BRDA:56,3,0,0
BRDA:56,3,1,0
BRF:8
BRH:0
end_of_record
TN:
SF:c:\Users\LucJo\Desktop\Client-side-programming\Client-side-programming\src\services\HttpService.js
FN:5,http
FNF:1
FNH:0
FNDA:0,http
DA:6,0
LF:1
LH:0
BRF:0
BRH:0
end_of_record
TN:
SF:c:\Users\LucJo\Desktop\Client-side-programming\Client-side-programming\src\services\TaskService.js
FN:3,getAllTasks
FN:7,getTaskById
FN:11,createTask
FN:15,deleteTask
FN:19,updateTask
FNF:5
FNH:0
FNDA:0,getAllTasks
FNDA:0,getTaskById
FNDA:0,createTask
FNDA:0,deleteTask
FNDA:0,updateTask
DA:4,0
DA:8,0
DA:12,0
DA:16,0
DA:20,0
LF:5
LH:0
BRF:0
BRH:0
end_of_record
